Arguments: 
  C:\Program Files\nodejs\node.exe C:\Users\SOUNISH\AppData\Roaming\npm\node_modules\yarn\bin\yarn.js add t-node rxjs

PATH: 
  E:\rxjs-basics\node_modules\.bin;C:\Program Files\Common Files\Oracle\Java\javapath;C:\Windows\system32;C:\Windows;C:\Windows\System32\Wbem;C:\Windows\System32\WindowsPowerShell\v1.0\;C:\Windows\System32\OpenSSH\;C:\Program Files\nodejs\;C:\Program Files\Git\cmd;C:\MinGW\bin;C:\Users\SOUNISH\AppData\Local\Yarn\bin;C:\Users\SOUNISH\AppData\Local\Microsoft\WindowsApps;C:\Users\SOUNISH\AppData\Roaming\npm;C:\Users\SOUNISH\AppData\Local\Programs\Microsoft VS Code\bin

Yarn version: 
  1.22.10

Node version: 
  14.15.4

Platform: 
  win32 x64

Trace: 
  Error: https://registry.yarnpkg.com/t-node: Not found
      at Request.params.callback [as _callback] (C:\Users\SOUNISH\AppData\Roaming\npm\node_modules\yarn\lib\cli.js:66988:18)
      at Request.self.callback (C:\Users\SOUNISH\AppData\Roaming\npm\node_modules\yarn\lib\cli.js:140662:22)
      at Request.emit (events.js:315:20)
      at Request.<anonymous> (C:\Users\SOUNISH\AppData\Roaming\npm\node_modules\yarn\lib\cli.js:141634:10)
      at Request.emit (events.js:315:20)
      at IncomingMessage.<anonymous> (C:\Users\SOUNISH\AppData\Roaming\npm\node_modules\yarn\lib\cli.js:141556:12)
      at Object.onceWrapper (events.js:421:28)
      at IncomingMessage.emit (events.js:327:22)
      at endReadableNT (internal/streams/readable.js:1327:12)
      at processTicksAndRejections (internal/process/task_queues.js:80:21)

npm manifest: 
  {
    "name": "rxjs-basics",
    "version": "1.0.0",
    "description": "",
    "main": "index.ts",
    "scripts": {
      "test": "echo \"Error: no test specified\" && exit 1"
    },
    "keywords": [],
    "author": "",
    "license": "ISC"
  }

yarn manifest: 
  No manifest

Lockfile: 
  No lockfile
